<testsuites id="" name="" tests="476" failures="0" skipped="476" errors="0" time="0.8946569999999997">
<testsuite name="cross-browser-compatibility.spec.ts" timestamp="2025-07-19T23:20:02.221Z" hostname="chromium" tests="18" failures="0" skipped="18" time="0" errors="0">
<testcase name="Cross-Browser Compatibility › Visual Consistency › homepage renders consistently across browsers" classname="cross-browser-compatibility.spec.ts" time="0">
<skipped>
</skipped>
</testcase>
<testcase name="Cross-Browser Compatibility › Visual Consistency › project showcase page renders consistently" classname="cross-browser-compatibility.spec.ts" time="0">
<skipped>
</skipped>
</testcase>
<testcase name="Cross-Browser Compatibility › Visual Consistency › admin interface renders consistently" classname="cross-browser-compatibility.spec.ts" time="0">
<skipped>
</skipped>
</testcase>
<testcase name="Cross-Browser Compatibility › Feature Detection and Polyfills › detects browser capabilities correctly" classname="cross-browser-compatibility.spec.ts" time="0">
<skipped>
</skipped>
</testcase>
<testcase name="Cross-Browser Compatibility › Feature Detection and Polyfills › loads appropriate polyfills based on browser" classname="cross-browser-compatibility.spec.ts" time="0">
<skipped>
</skipped>
</testcase>
<testcase name="Cross-Browser Compatibility › Feature Detection and Polyfills › CSS feature detection works correctly" classname="cross-browser-compatibility.spec.ts" time="0">
<skipped>
</skipped>
</testcase>
<testcase name="Cross-Browser Compatibility › Media Compatibility › video format detection works across browsers" classname="cross-browser-compatibility.spec.ts" time="0">
<skipped>
</skipped>
</testcase>
<testcase name="Cross-Browser Compatibility › Media Compatibility › image format detection works correctly" classname="cross-browser-compatibility.spec.ts" time="0">
<skipped>
</skipped>
</testcase>
<testcase name="Cross-Browser Compatibility › Form and Input Compatibility › file upload functionality works across browsers" classname="cross-browser-compatibility.spec.ts" time="0">
<skipped>
</skipped>
</testcase>
<testcase name="Cross-Browser Compatibility › Form and Input Compatibility › form validation works consistently" classname="cross-browser-compatibility.spec.ts" time="0">
<skipped>
</skipped>
</testcase>
<testcase name="Cross-Browser Compatibility › Form and Input Compatibility › drag and drop functionality works" classname="cross-browser-compatibility.spec.ts" time="0">
<skipped>
</skipped>
</testcase>
<testcase name="Cross-Browser Compatibility › Event Handling Compatibility › click events work consistently" classname="cross-browser-compatibility.spec.ts" time="0">
<skipped>
</skipped>
</testcase>
<testcase name="Cross-Browser Compatibility › Event Handling Compatibility › keyboard navigation works" classname="cross-browser-compatibility.spec.ts" time="0">
<skipped>
</skipped>
</testcase>
<testcase name="Cross-Browser Compatibility › Event Handling Compatibility › touch events work on mobile browsers" classname="cross-browser-compatibility.spec.ts" time="0">
<skipped>
</skipped>
</testcase>
<testcase name="Cross-Browser Compatibility › Responsive Design Compatibility › responsive layout works across different viewport sizes" classname="cross-browser-compatibility.spec.ts" time="0">
<skipped>
</skipped>
</testcase>
<testcase name="Cross-Browser Compatibility › Responsive Design Compatibility › media queries work correctly" classname="cross-browser-compatibility.spec.ts" time="0">
<skipped>
</skipped>
</testcase>
<testcase name="Cross-Browser Compatibility › Error Handling and Fallbacks › graceful degradation when features are unavailable" classname="cross-browser-compatibility.spec.ts" time="0">
<skipped>
</skipped>
</testcase>
<testcase name="Cross-Browser Compatibility › Error Handling and Fallbacks › error messages display correctly" classname="cross-browser-compatibility.spec.ts" time="0">
<skipped>
</skipped>
</testcase>
</testsuite>
<testsuite name="feature-detection.spec.ts" timestamp="2025-07-19T23:20:02.221Z" hostname="chromium" tests="19" failures="0" skipped="19" time="0" errors="0">
<testcase name="Feature Detection Tests › Browser Detection › detects browser type correctly" classname="feature-detection.spec.ts" time="0">
<skipped>
</skipped>
</testcase>
<testcase name="Feature Detection Tests › Browser Detection › detects browser version information" classname="feature-detection.spec.ts" time="0">
<skipped>
</skipped>
</testcase>
<testcase name="Feature Detection Tests › JavaScript Feature Detection › detects Fetch API support" classname="feature-detection.spec.ts" time="0">
<skipped>
</skipped>
</testcase>
<testcase name="Feature Detection Tests › JavaScript Feature Detection › detects Promise support" classname="feature-detection.spec.ts" time="0">
<skipped>
</skipped>
</testcase>
<testcase name="Feature Detection Tests › JavaScript Feature Detection › detects async/await support" classname="feature-detection.spec.ts" time="0">
<skipped>
</skipped>
</testcase>
<testcase name="Feature Detection Tests › JavaScript Feature Detection › detects Intersection Observer support" classname="feature-detection.spec.ts" time="0">
<skipped>
</skipped>
</testcase>
<testcase name="Feature Detection Tests › JavaScript Feature Detection › detects Object.assign support" classname="feature-detection.spec.ts" time="0">
<skipped>
</skipped>
</testcase>
<testcase name="Feature Detection Tests › JavaScript Feature Detection › detects CustomEvent support" classname="feature-detection.spec.ts" time="0">
<skipped>
</skipped>
</testcase>
<testcase name="Feature Detection Tests › CSS Feature Detection › detects CSS Grid support" classname="feature-detection.spec.ts" time="0">
<skipped>
</skipped>
</testcase>
<testcase name="Feature Detection Tests › CSS Feature Detection › detects CSS Flexbox support" classname="feature-detection.spec.ts" time="0">
<skipped>
</skipped>
</testcase>
<testcase name="Feature Detection Tests › CSS Feature Detection › detects CSS Custom Properties support" classname="feature-detection.spec.ts" time="0">
<skipped>
</skipped>
</testcase>
<testcase name="Feature Detection Tests › CSS Feature Detection › detects CSS Transform support" classname="feature-detection.spec.ts" time="0">
<skipped>
</skipped>
</testcase>
<testcase name="Feature Detection Tests › CSS Feature Detection › detects CSS Transition support" classname="feature-detection.spec.ts" time="0">
<skipped>
</skipped>
</testcase>
<testcase name="Feature Detection Tests › Media Feature Detection › detects video format support" classname="feature-detection.spec.ts" time="0">
<skipped>
</skipped>
</testcase>
<testcase name="Feature Detection Tests › Media Feature Detection › detects image format support" classname="feature-detection.spec.ts" time="0">
<skipped>
</skipped>
</testcase>
<testcase name="Feature Detection Tests › Polyfill Loading Verification › verifies polyfills are loaded when needed" classname="feature-detection.spec.ts" time="0">
<skipped>
</skipped>
</testcase>
<testcase name="Feature Detection Tests › Polyfill Loading Verification › verifies feature detection triggers correct polyfill loading" classname="feature-detection.spec.ts" time="0">
<skipped>
</skipped>
</testcase>
<testcase name="Feature Detection Tests › Fallback Mechanism Tests › verifies CSS fallbacks are applied when needed" classname="feature-detection.spec.ts" time="0">
<skipped>
</skipped>
</testcase>
<testcase name="Feature Detection Tests › Fallback Mechanism Tests › verifies JavaScript fallbacks work correctly" classname="feature-detection.spec.ts" time="0">
<skipped>
</skipped>
</testcase>
</testsuite>
<testsuite name="performance.spec.ts" timestamp="2025-07-19T23:20:02.221Z" hostname="chromium" tests="14" failures="0" skipped="14" time="0" errors="0">
<testcase name="Cross-Browser Performance Tests › Page Load Performance › homepage loads within acceptable time limits" classname="performance.spec.ts" time="0">
<skipped>
</skipped>
</testcase>
<testcase name="Cross-Browser Performance Tests › Page Load Performance › projects page loads efficiently" classname="performance.spec.ts" time="0">
<skipped>
</skipped>
</testcase>
<testcase name="Cross-Browser Performance Tests › Page Load Performance › admin interface loads within reasonable time" classname="performance.spec.ts" time="0">
<skipped>
</skipped>
</testcase>
<testcase name="Cross-Browser Performance Tests › Bundle Size and Resource Loading › measures JavaScript bundle sizes" classname="performance.spec.ts" time="0">
<skipped>
</skipped>
</testcase>
<testcase name="Cross-Browser Performance Tests › Bundle Size and Resource Loading › measures CSS bundle sizes" classname="performance.spec.ts" time="0">
<skipped>
</skipped>
</testcase>
<testcase name="Cross-Browser Performance Tests › Bundle Size and Resource Loading › measures polyfill loading impact" classname="performance.spec.ts" time="0">
<skipped>
</skipped>
</testcase>
<testcase name="Cross-Browser Performance Tests › Runtime Performance › measures JavaScript execution performance" classname="performance.spec.ts" time="0">
<skipped>
</skipped>
</testcase>
<testcase name="Cross-Browser Performance Tests › Runtime Performance › measures DOM manipulation performance" classname="performance.spec.ts" time="0">
<skipped>
</skipped>
</testcase>
<testcase name="Cross-Browser Performance Tests › Runtime Performance › measures CSS animation performance" classname="performance.spec.ts" time="0">
<skipped>
</skipped>
</testcase>
<testcase name="Cross-Browser Performance Tests › Memory Usage › measures memory usage during navigation" classname="performance.spec.ts" time="0">
<skipped>
</skipped>
</testcase>
<testcase name="Cross-Browser Performance Tests › Network Performance › measures resource loading times" classname="performance.spec.ts" time="0">
<skipped>
</skipped>
</testcase>
<testcase name="Cross-Browser Performance Tests › Compatibility Layer Performance Impact › measures polyfill loading overhead" classname="performance.spec.ts" time="0">
<skipped>
</skipped>
</testcase>
<testcase name="Cross-Browser Performance Tests › Compatibility Layer Performance Impact › measures CSS fallback rendering performance" classname="performance.spec.ts" time="0">
<skipped>
</skipped>
</testcase>
<testcase name="Cross-Browser Performance Tests › Performance Comparison Across Browsers › compares overall page performance metrics" classname="performance.spec.ts" time="0">
<skipped>
</skipped>
</testcase>
</testsuite>
<testsuite name="visual-regression.spec.ts" timestamp="2025-07-19T23:20:02.221Z" hostname="chromium" tests="17" failures="0" skipped="17" time="0" errors="0">
<testcase name="Visual Regression Tests › Homepage Visual Consistency › homepage header renders consistently" classname="visual-regression.spec.ts" time="0">
<skipped>
</skipped>
</testcase>
<testcase name="Visual Regression Tests › Homepage Visual Consistency › homepage hero section renders consistently" classname="visual-regression.spec.ts" time="0">
<skipped>
</skipped>
</testcase>
<testcase name="Visual Regression Tests › Homepage Visual Consistency › homepage navigation renders consistently" classname="visual-regression.spec.ts" time="0">
<skipped>
</skipped>
</testcase>
<testcase name="Visual Regression Tests › Projects Page Visual Consistency › projects grid layout renders consistently" classname="visual-regression.spec.ts" time="0">
<skipped>
</skipped>
</testcase>
<testcase name="Visual Regression Tests › Projects Page Visual Consistency › project card components render consistently" classname="visual-regression.spec.ts" time="0">
<skipped>
</skipped>
</testcase>
<testcase name="Visual Regression Tests › Admin Interface Visual Consistency › admin dashboard renders consistently" classname="visual-regression.spec.ts" time="0">
<skipped>
</skipped>
</testcase>
<testcase name="Visual Regression Tests › Admin Interface Visual Consistency › admin navigation sidebar renders consistently" classname="visual-regression.spec.ts" time="0">
<skipped>
</skipped>
</testcase>
<testcase name="Visual Regression Tests › Admin Interface Visual Consistency › admin form dialogs render consistently" classname="visual-regression.spec.ts" time="0">
<skipped>
</skipped>
</testcase>
<testcase name="Visual Regression Tests › Form Components Visual Consistency › file upload components render consistently" classname="visual-regression.spec.ts" time="0">
<skipped>
</skipped>
</testcase>
<testcase name="Visual Regression Tests › Form Components Visual Consistency › form validation states render consistently" classname="visual-regression.spec.ts" time="0">
<skipped>
</skipped>
</testcase>
<testcase name="Visual Regression Tests › Responsive Design Visual Tests › mobile layout renders consistently" classname="visual-regression.spec.ts" time="0">
<skipped>
</skipped>
</testcase>
<testcase name="Visual Regression Tests › Responsive Design Visual Tests › tablet layout renders consistently" classname="visual-regression.spec.ts" time="0">
<skipped>
</skipped>
</testcase>
<testcase name="Visual Regression Tests › Responsive Design Visual Tests › desktop layout renders consistently" classname="visual-regression.spec.ts" time="0">
<skipped>
</skipped>
</testcase>
<testcase name="Visual Regression Tests › Media Content Visual Tests › image galleries render consistently" classname="visual-regression.spec.ts" time="0">
<skipped>
</skipped>
</testcase>
<testcase name="Visual Regression Tests › Media Content Visual Tests › video players render consistently" classname="visual-regression.spec.ts" time="0">
<skipped>
</skipped>
</testcase>
<testcase name="Visual Regression Tests › Loading States Visual Tests › loading spinners render consistently" classname="visual-regression.spec.ts" time="0">
<skipped>
</skipped>
</testcase>
<testcase name="Visual Regression Tests › Error States Visual Tests › error messages render consistently" classname="visual-regression.spec.ts" time="0">
<skipped>
</skipped>
</testcase>
</testsuite>
<testsuite name="cross-browser-compatibility.spec.ts" timestamp="2025-07-19T23:20:02.221Z" hostname="firefox" tests="18" failures="0" skipped="18" time="0" errors="0">
<testcase name="Cross-Browser Compatibility › Visual Consistency › homepage renders consistently across browsers" classname="cross-browser-compatibility.spec.ts" time="0">
<skipped>
</skipped>
</testcase>
<testcase name="Cross-Browser Compatibility › Visual Consistency › project showcase page renders consistently" classname="cross-browser-compatibility.spec.ts" time="0">
<skipped>
</skipped>
</testcase>
<testcase name="Cross-Browser Compatibility › Visual Consistency › admin interface renders consistently" classname="cross-browser-compatibility.spec.ts" time="0">
<skipped>
</skipped>
</testcase>
<testcase name="Cross-Browser Compatibility › Feature Detection and Polyfills › detects browser capabilities correctly" classname="cross-browser-compatibility.spec.ts" time="0">
<skipped>
</skipped>
</testcase>
<testcase name="Cross-Browser Compatibility › Feature Detection and Polyfills › loads appropriate polyfills based on browser" classname="cross-browser-compatibility.spec.ts" time="0">
<skipped>
</skipped>
</testcase>
<testcase name="Cross-Browser Compatibility › Feature Detection and Polyfills › CSS feature detection works correctly" classname="cross-browser-compatibility.spec.ts" time="0">
<skipped>
</skipped>
</testcase>
<testcase name="Cross-Browser Compatibility › Media Compatibility › video format detection works across browsers" classname="cross-browser-compatibility.spec.ts" time="0">
<skipped>
</skipped>
</testcase>
<testcase name="Cross-Browser Compatibility › Media Compatibility › image format detection works correctly" classname="cross-browser-compatibility.spec.ts" time="0">
<skipped>
</skipped>
</testcase>
<testcase name="Cross-Browser Compatibility › Form and Input Compatibility › file upload functionality works across browsers" classname="cross-browser-compatibility.spec.ts" time="0">
<skipped>
</skipped>
</testcase>
<testcase name="Cross-Browser Compatibility › Form and Input Compatibility › form validation works consistently" classname="cross-browser-compatibility.spec.ts" time="0">
<skipped>
</skipped>
</testcase>
<testcase name="Cross-Browser Compatibility › Form and Input Compatibility › drag and drop functionality works" classname="cross-browser-compatibility.spec.ts" time="0">
<skipped>
</skipped>
</testcase>
<testcase name="Cross-Browser Compatibility › Event Handling Compatibility › click events work consistently" classname="cross-browser-compatibility.spec.ts" time="0">
<skipped>
</skipped>
</testcase>
<testcase name="Cross-Browser Compatibility › Event Handling Compatibility › keyboard navigation works" classname="cross-browser-compatibility.spec.ts" time="0">
<skipped>
</skipped>
</testcase>
<testcase name="Cross-Browser Compatibility › Event Handling Compatibility › touch events work on mobile browsers" classname="cross-browser-compatibility.spec.ts" time="0">
<skipped>
</skipped>
</testcase>
<testcase name="Cross-Browser Compatibility › Responsive Design Compatibility › responsive layout works across different viewport sizes" classname="cross-browser-compatibility.spec.ts" time="0">
<skipped>
</skipped>
</testcase>
<testcase name="Cross-Browser Compatibility › Responsive Design Compatibility › media queries work correctly" classname="cross-browser-compatibility.spec.ts" time="0">
<skipped>
</skipped>
</testcase>
<testcase name="Cross-Browser Compatibility › Error Handling and Fallbacks › graceful degradation when features are unavailable" classname="cross-browser-compatibility.spec.ts" time="0">
<skipped>
</skipped>
</testcase>
<testcase name="Cross-Browser Compatibility › Error Handling and Fallbacks › error messages display correctly" classname="cross-browser-compatibility.spec.ts" time="0">
<skipped>
</skipped>
</testcase>
</testsuite>
<testsuite name="feature-detection.spec.ts" timestamp="2025-07-19T23:20:02.221Z" hostname="firefox" tests="19" failures="0" skipped="19" time="0" errors="0">
<testcase name="Feature Detection Tests › Browser Detection › detects browser type correctly" classname="feature-detection.spec.ts" time="0">
<skipped>
</skipped>
</testcase>
<testcase name="Feature Detection Tests › Browser Detection › detects browser version information" classname="feature-detection.spec.ts" time="0">
<skipped>
</skipped>
</testcase>
<testcase name="Feature Detection Tests › JavaScript Feature Detection › detects Fetch API support" classname="feature-detection.spec.ts" time="0">
<skipped>
</skipped>
</testcase>
<testcase name="Feature Detection Tests › JavaScript Feature Detection › detects Promise support" classname="feature-detection.spec.ts" time="0">
<skipped>
</skipped>
</testcase>
<testcase name="Feature Detection Tests › JavaScript Feature Detection › detects async/await support" classname="feature-detection.spec.ts" time="0">
<skipped>
</skipped>
</testcase>
<testcase name="Feature Detection Tests › JavaScript Feature Detection › detects Intersection Observer support" classname="feature-detection.spec.ts" time="0">
<skipped>
</skipped>
</testcase>
<testcase name="Feature Detection Tests › JavaScript Feature Detection › detects Object.assign support" classname="feature-detection.spec.ts" time="0">
<skipped>
</skipped>
</testcase>
<testcase name="Feature Detection Tests › JavaScript Feature Detection › detects CustomEvent support" classname="feature-detection.spec.ts" time="0">
<skipped>
</skipped>
</testcase>
<testcase name="Feature Detection Tests › CSS Feature Detection › detects CSS Grid support" classname="feature-detection.spec.ts" time="0">
<skipped>
</skipped>
</testcase>
<testcase name="Feature Detection Tests › CSS Feature Detection › detects CSS Flexbox support" classname="feature-detection.spec.ts" time="0">
<skipped>
</skipped>
</testcase>
<testcase name="Feature Detection Tests › CSS Feature Detection › detects CSS Custom Properties support" classname="feature-detection.spec.ts" time="0">
<skipped>
</skipped>
</testcase>
<testcase name="Feature Detection Tests › CSS Feature Detection › detects CSS Transform support" classname="feature-detection.spec.ts" time="0">
<skipped>
</skipped>
</testcase>
<testcase name="Feature Detection Tests › CSS Feature Detection › detects CSS Transition support" classname="feature-detection.spec.ts" time="0">
<skipped>
</skipped>
</testcase>
<testcase name="Feature Detection Tests › Media Feature Detection › detects video format support" classname="feature-detection.spec.ts" time="0">
<skipped>
</skipped>
</testcase>
<testcase name="Feature Detection Tests › Media Feature Detection › detects image format support" classname="feature-detection.spec.ts" time="0">
<skipped>
</skipped>
</testcase>
<testcase name="Feature Detection Tests › Polyfill Loading Verification › verifies polyfills are loaded when needed" classname="feature-detection.spec.ts" time="0">
<skipped>
</skipped>
</testcase>
<testcase name="Feature Detection Tests › Polyfill Loading Verification › verifies feature detection triggers correct polyfill loading" classname="feature-detection.spec.ts" time="0">
<skipped>
</skipped>
</testcase>
<testcase name="Feature Detection Tests › Fallback Mechanism Tests › verifies CSS fallbacks are applied when needed" classname="feature-detection.spec.ts" time="0">
<skipped>
</skipped>
</testcase>
<testcase name="Feature Detection Tests › Fallback Mechanism Tests › verifies JavaScript fallbacks work correctly" classname="feature-detection.spec.ts" time="0">
<skipped>
</skipped>
</testcase>
</testsuite>
<testsuite name="performance.spec.ts" timestamp="2025-07-19T23:20:02.221Z" hostname="firefox" tests="14" failures="0" skipped="14" time="0" errors="0">
<testcase name="Cross-Browser Performance Tests › Page Load Performance › homepage loads within acceptable time limits" classname="performance.spec.ts" time="0">
<skipped>
</skipped>
</testcase>
<testcase name="Cross-Browser Performance Tests › Page Load Performance › projects page loads efficiently" classname="performance.spec.ts" time="0">
<skipped>
</skipped>
</testcase>
<testcase name="Cross-Browser Performance Tests › Page Load Performance › admin interface loads within reasonable time" classname="performance.spec.ts" time="0">
<skipped>
</skipped>
</testcase>
<testcase name="Cross-Browser Performance Tests › Bundle Size and Resource Loading › measures JavaScript bundle sizes" classname="performance.spec.ts" time="0">
<skipped>
</skipped>
</testcase>
<testcase name="Cross-Browser Performance Tests › Bundle Size and Resource Loading › measures CSS bundle sizes" classname="performance.spec.ts" time="0">
<skipped>
</skipped>
</testcase>
<testcase name="Cross-Browser Performance Tests › Bundle Size and Resource Loading › measures polyfill loading impact" classname="performance.spec.ts" time="0">
<skipped>
</skipped>
</testcase>
<testcase name="Cross-Browser Performance Tests › Runtime Performance › measures JavaScript execution performance" classname="performance.spec.ts" time="0">
<skipped>
</skipped>
</testcase>
<testcase name="Cross-Browser Performance Tests › Runtime Performance › measures DOM manipulation performance" classname="performance.spec.ts" time="0">
<skipped>
</skipped>
</testcase>
<testcase name="Cross-Browser Performance Tests › Runtime Performance › measures CSS animation performance" classname="performance.spec.ts" time="0">
<skipped>
</skipped>
</testcase>
<testcase name="Cross-Browser Performance Tests › Memory Usage › measures memory usage during navigation" classname="performance.spec.ts" time="0">
<skipped>
</skipped>
</testcase>
<testcase name="Cross-Browser Performance Tests › Network Performance › measures resource loading times" classname="performance.spec.ts" time="0">
<skipped>
</skipped>
</testcase>
<testcase name="Cross-Browser Performance Tests › Compatibility Layer Performance Impact › measures polyfill loading overhead" classname="performance.spec.ts" time="0">
<skipped>
</skipped>
</testcase>
<testcase name="Cross-Browser Performance Tests › Compatibility Layer Performance Impact › measures CSS fallback rendering performance" classname="performance.spec.ts" time="0">
<skipped>
</skipped>
</testcase>
<testcase name="Cross-Browser Performance Tests › Performance Comparison Across Browsers › compares overall page performance metrics" classname="performance.spec.ts" time="0">
<skipped>
</skipped>
</testcase>
</testsuite>
<testsuite name="visual-regression.spec.ts" timestamp="2025-07-19T23:20:02.221Z" hostname="firefox" tests="17" failures="0" skipped="17" time="0" errors="0">
<testcase name="Visual Regression Tests › Homepage Visual Consistency › homepage header renders consistently" classname="visual-regression.spec.ts" time="0">
<skipped>
</skipped>
</testcase>
<testcase name="Visual Regression Tests › Homepage Visual Consistency › homepage hero section renders consistently" classname="visual-regression.spec.ts" time="0">
<skipped>
</skipped>
</testcase>
<testcase name="Visual Regression Tests › Homepage Visual Consistency › homepage navigation renders consistently" classname="visual-regression.spec.ts" time="0">
<skipped>
</skipped>
</testcase>
<testcase name="Visual Regression Tests › Projects Page Visual Consistency › projects grid layout renders consistently" classname="visual-regression.spec.ts" time="0">
<skipped>
</skipped>
</testcase>
<testcase name="Visual Regression Tests › Projects Page Visual Consistency › project card components render consistently" classname="visual-regression.spec.ts" time="0">
<skipped>
</skipped>
</testcase>
<testcase name="Visual Regression Tests › Admin Interface Visual Consistency › admin dashboard renders consistently" classname="visual-regression.spec.ts" time="0">
<skipped>
</skipped>
</testcase>
<testcase name="Visual Regression Tests › Admin Interface Visual Consistency › admin navigation sidebar renders consistently" classname="visual-regression.spec.ts" time="0">
<skipped>
</skipped>
</testcase>
<testcase name="Visual Regression Tests › Admin Interface Visual Consistency › admin form dialogs render consistently" classname="visual-regression.spec.ts" time="0">
<skipped>
</skipped>
</testcase>
<testcase name="Visual Regression Tests › Form Components Visual Consistency › file upload components render consistently" classname="visual-regression.spec.ts" time="0">
<skipped>
</skipped>
</testcase>
<testcase name="Visual Regression Tests › Form Components Visual Consistency › form validation states render consistently" classname="visual-regression.spec.ts" time="0">
<skipped>
</skipped>
</testcase>
<testcase name="Visual Regression Tests › Responsive Design Visual Tests › mobile layout renders consistently" classname="visual-regression.spec.ts" time="0">
<skipped>
</skipped>
</testcase>
<testcase name="Visual Regression Tests › Responsive Design Visual Tests › tablet layout renders consistently" classname="visual-regression.spec.ts" time="0">
<skipped>
</skipped>
</testcase>
<testcase name="Visual Regression Tests › Responsive Design Visual Tests › desktop layout renders consistently" classname="visual-regression.spec.ts" time="0">
<skipped>
</skipped>
</testcase>
<testcase name="Visual Regression Tests › Media Content Visual Tests › image galleries render consistently" classname="visual-regression.spec.ts" time="0">
<skipped>
</skipped>
</testcase>
<testcase name="Visual Regression Tests › Media Content Visual Tests › video players render consistently" classname="visual-regression.spec.ts" time="0">
<skipped>
</skipped>
</testcase>
<testcase name="Visual Regression Tests › Loading States Visual Tests › loading spinners render consistently" classname="visual-regression.spec.ts" time="0">
<skipped>
</skipped>
</testcase>
<testcase name="Visual Regression Tests › Error States Visual Tests › error messages render consistently" classname="visual-regression.spec.ts" time="0">
<skipped>
</skipped>
</testcase>
</testsuite>
<testsuite name="cross-browser-compatibility.spec.ts" timestamp="2025-07-19T23:20:02.221Z" hostname="webkit" tests="18" failures="0" skipped="18" time="0" errors="0">
<testcase name="Cross-Browser Compatibility › Visual Consistency › homepage renders consistently across browsers" classname="cross-browser-compatibility.spec.ts" time="0">
<skipped>
</skipped>
</testcase>
<testcase name="Cross-Browser Compatibility › Visual Consistency › project showcase page renders consistently" classname="cross-browser-compatibility.spec.ts" time="0">
<skipped>
</skipped>
</testcase>
<testcase name="Cross-Browser Compatibility › Visual Consistency › admin interface renders consistently" classname="cross-browser-compatibility.spec.ts" time="0">
<skipped>
</skipped>
</testcase>
<testcase name="Cross-Browser Compatibility › Feature Detection and Polyfills › detects browser capabilities correctly" classname="cross-browser-compatibility.spec.ts" time="0">
<skipped>
</skipped>
</testcase>
<testcase name="Cross-Browser Compatibility › Feature Detection and Polyfills › loads appropriate polyfills based on browser" classname="cross-browser-compatibility.spec.ts" time="0">
<skipped>
</skipped>
</testcase>
<testcase name="Cross-Browser Compatibility › Feature Detection and Polyfills › CSS feature detection works correctly" classname="cross-browser-compatibility.spec.ts" time="0">
<skipped>
</skipped>
</testcase>
<testcase name="Cross-Browser Compatibility › Media Compatibility › video format detection works across browsers" classname="cross-browser-compatibility.spec.ts" time="0">
<skipped>
</skipped>
</testcase>
<testcase name="Cross-Browser Compatibility › Media Compatibility › image format detection works correctly" classname="cross-browser-compatibility.spec.ts" time="0">
<skipped>
</skipped>
</testcase>
<testcase name="Cross-Browser Compatibility › Form and Input Compatibility › file upload functionality works across browsers" classname="cross-browser-compatibility.spec.ts" time="0">
<skipped>
</skipped>
</testcase>
<testcase name="Cross-Browser Compatibility › Form and Input Compatibility › form validation works consistently" classname="cross-browser-compatibility.spec.ts" time="0">
<skipped>
</skipped>
</testcase>
<testcase name="Cross-Browser Compatibility › Form and Input Compatibility › drag and drop functionality works" classname="cross-browser-compatibility.spec.ts" time="0">
<skipped>
</skipped>
</testcase>
<testcase name="Cross-Browser Compatibility › Event Handling Compatibility › click events work consistently" classname="cross-browser-compatibility.spec.ts" time="0">
<skipped>
</skipped>
</testcase>
<testcase name="Cross-Browser Compatibility › Event Handling Compatibility › keyboard navigation works" classname="cross-browser-compatibility.spec.ts" time="0">
<skipped>
</skipped>
</testcase>
<testcase name="Cross-Browser Compatibility › Event Handling Compatibility › touch events work on mobile browsers" classname="cross-browser-compatibility.spec.ts" time="0">
<skipped>
</skipped>
</testcase>
<testcase name="Cross-Browser Compatibility › Responsive Design Compatibility › responsive layout works across different viewport sizes" classname="cross-browser-compatibility.spec.ts" time="0">
<skipped>
</skipped>
</testcase>
<testcase name="Cross-Browser Compatibility › Responsive Design Compatibility › media queries work correctly" classname="cross-browser-compatibility.spec.ts" time="0">
<skipped>
</skipped>
</testcase>
<testcase name="Cross-Browser Compatibility › Error Handling and Fallbacks › graceful degradation when features are unavailable" classname="cross-browser-compatibility.spec.ts" time="0">
<skipped>
</skipped>
</testcase>
<testcase name="Cross-Browser Compatibility › Error Handling and Fallbacks › error messages display correctly" classname="cross-browser-compatibility.spec.ts" time="0">
<skipped>
</skipped>
</testcase>
</testsuite>
<testsuite name="feature-detection.spec.ts" timestamp="2025-07-19T23:20:02.221Z" hostname="webkit" tests="19" failures="0" skipped="19" time="0" errors="0">
<testcase name="Feature Detection Tests › Browser Detection › detects browser type correctly" classname="feature-detection.spec.ts" time="0">
<skipped>
</skipped>
</testcase>
<testcase name="Feature Detection Tests › Browser Detection › detects browser version information" classname="feature-detection.spec.ts" time="0">
<skipped>
</skipped>
</testcase>
<testcase name="Feature Detection Tests › JavaScript Feature Detection › detects Fetch API support" classname="feature-detection.spec.ts" time="0">
<skipped>
</skipped>
</testcase>
<testcase name="Feature Detection Tests › JavaScript Feature Detection › detects Promise support" classname="feature-detection.spec.ts" time="0">
<skipped>
</skipped>
</testcase>
<testcase name="Feature Detection Tests › JavaScript Feature Detection › detects async/await support" classname="feature-detection.spec.ts" time="0">
<skipped>
</skipped>
</testcase>
<testcase name="Feature Detection Tests › JavaScript Feature Detection › detects Intersection Observer support" classname="feature-detection.spec.ts" time="0">
<skipped>
</skipped>
</testcase>
<testcase name="Feature Detection Tests › JavaScript Feature Detection › detects Object.assign support" classname="feature-detection.spec.ts" time="0">
<skipped>
</skipped>
</testcase>
<testcase name="Feature Detection Tests › JavaScript Feature Detection › detects CustomEvent support" classname="feature-detection.spec.ts" time="0">
<skipped>
</skipped>
</testcase>
<testcase name="Feature Detection Tests › CSS Feature Detection › detects CSS Grid support" classname="feature-detection.spec.ts" time="0">
<skipped>
</skipped>
</testcase>
<testcase name="Feature Detection Tests › CSS Feature Detection › detects CSS Flexbox support" classname="feature-detection.spec.ts" time="0">
<skipped>
</skipped>
</testcase>
<testcase name="Feature Detection Tests › CSS Feature Detection › detects CSS Custom Properties support" classname="feature-detection.spec.ts" time="0">
<skipped>
</skipped>
</testcase>
<testcase name="Feature Detection Tests › CSS Feature Detection › detects CSS Transform support" classname="feature-detection.spec.ts" time="0">
<skipped>
</skipped>
</testcase>
<testcase name="Feature Detection Tests › CSS Feature Detection › detects CSS Transition support" classname="feature-detection.spec.ts" time="0">
<skipped>
</skipped>
</testcase>
<testcase name="Feature Detection Tests › Media Feature Detection › detects video format support" classname="feature-detection.spec.ts" time="0">
<skipped>
</skipped>
</testcase>
<testcase name="Feature Detection Tests › Media Feature Detection › detects image format support" classname="feature-detection.spec.ts" time="0">
<skipped>
</skipped>
</testcase>
<testcase name="Feature Detection Tests › Polyfill Loading Verification › verifies polyfills are loaded when needed" classname="feature-detection.spec.ts" time="0">
<skipped>
</skipped>
</testcase>
<testcase name="Feature Detection Tests › Polyfill Loading Verification › verifies feature detection triggers correct polyfill loading" classname="feature-detection.spec.ts" time="0">
<skipped>
</skipped>
</testcase>
<testcase name="Feature Detection Tests › Fallback Mechanism Tests › verifies CSS fallbacks are applied when needed" classname="feature-detection.spec.ts" time="0">
<skipped>
</skipped>
</testcase>
<testcase name="Feature Detection Tests › Fallback Mechanism Tests › verifies JavaScript fallbacks work correctly" classname="feature-detection.spec.ts" time="0">
<skipped>
</skipped>
</testcase>
</testsuite>
<testsuite name="performance.spec.ts" timestamp="2025-07-19T23:20:02.221Z" hostname="webkit" tests="14" failures="0" skipped="14" time="0" errors="0">
<testcase name="Cross-Browser Performance Tests › Page Load Performance › homepage loads within acceptable time limits" classname="performance.spec.ts" time="0">
<skipped>
</skipped>
</testcase>
<testcase name="Cross-Browser Performance Tests › Page Load Performance › projects page loads efficiently" classname="performance.spec.ts" time="0">
<skipped>
</skipped>
</testcase>
<testcase name="Cross-Browser Performance Tests › Page Load Performance › admin interface loads within reasonable time" classname="performance.spec.ts" time="0">
<skipped>
</skipped>
</testcase>
<testcase name="Cross-Browser Performance Tests › Bundle Size and Resource Loading › measures JavaScript bundle sizes" classname="performance.spec.ts" time="0">
<skipped>
</skipped>
</testcase>
<testcase name="Cross-Browser Performance Tests › Bundle Size and Resource Loading › measures CSS bundle sizes" classname="performance.spec.ts" time="0">
<skipped>
</skipped>
</testcase>
<testcase name="Cross-Browser Performance Tests › Bundle Size and Resource Loading › measures polyfill loading impact" classname="performance.spec.ts" time="0">
<skipped>
</skipped>
</testcase>
<testcase name="Cross-Browser Performance Tests › Runtime Performance › measures JavaScript execution performance" classname="performance.spec.ts" time="0">
<skipped>
</skipped>
</testcase>
<testcase name="Cross-Browser Performance Tests › Runtime Performance › measures DOM manipulation performance" classname="performance.spec.ts" time="0">
<skipped>
</skipped>
</testcase>
<testcase name="Cross-Browser Performance Tests › Runtime Performance › measures CSS animation performance" classname="performance.spec.ts" time="0">
<skipped>
</skipped>
</testcase>
<testcase name="Cross-Browser Performance Tests › Memory Usage › measures memory usage during navigation" classname="performance.spec.ts" time="0">
<skipped>
</skipped>
</testcase>
<testcase name="Cross-Browser Performance Tests › Network Performance › measures resource loading times" classname="performance.spec.ts" time="0">
<skipped>
</skipped>
</testcase>
<testcase name="Cross-Browser Performance Tests › Compatibility Layer Performance Impact › measures polyfill loading overhead" classname="performance.spec.ts" time="0">
<skipped>
</skipped>
</testcase>
<testcase name="Cross-Browser Performance Tests › Compatibility Layer Performance Impact › measures CSS fallback rendering performance" classname="performance.spec.ts" time="0">
<skipped>
</skipped>
</testcase>
<testcase name="Cross-Browser Performance Tests › Performance Comparison Across Browsers › compares overall page performance metrics" classname="performance.spec.ts" time="0">
<skipped>
</skipped>
</testcase>
</testsuite>
<testsuite name="visual-regression.spec.ts" timestamp="2025-07-19T23:20:02.221Z" hostname="webkit" tests="17" failures="0" skipped="17" time="0" errors="0">
<testcase name="Visual Regression Tests › Homepage Visual Consistency › homepage header renders consistently" classname="visual-regression.spec.ts" time="0">
<skipped>
</skipped>
</testcase>
<testcase name="Visual Regression Tests › Homepage Visual Consistency › homepage hero section renders consistently" classname="visual-regression.spec.ts" time="0">
<skipped>
</skipped>
</testcase>
<testcase name="Visual Regression Tests › Homepage Visual Consistency › homepage navigation renders consistently" classname="visual-regression.spec.ts" time="0">
<skipped>
</skipped>
</testcase>
<testcase name="Visual Regression Tests › Projects Page Visual Consistency › projects grid layout renders consistently" classname="visual-regression.spec.ts" time="0">
<skipped>
</skipped>
</testcase>
<testcase name="Visual Regression Tests › Projects Page Visual Consistency › project card components render consistently" classname="visual-regression.spec.ts" time="0">
<skipped>
</skipped>
</testcase>
<testcase name="Visual Regression Tests › Admin Interface Visual Consistency › admin dashboard renders consistently" classname="visual-regression.spec.ts" time="0">
<skipped>
</skipped>
</testcase>
<testcase name="Visual Regression Tests › Admin Interface Visual Consistency › admin navigation sidebar renders consistently" classname="visual-regression.spec.ts" time="0">
<skipped>
</skipped>
</testcase>
<testcase name="Visual Regression Tests › Admin Interface Visual Consistency › admin form dialogs render consistently" classname="visual-regression.spec.ts" time="0">
<skipped>
</skipped>
</testcase>
<testcase name="Visual Regression Tests › Form Components Visual Consistency › file upload components render consistently" classname="visual-regression.spec.ts" time="0">
<skipped>
</skipped>
</testcase>
<testcase name="Visual Regression Tests › Form Components Visual Consistency › form validation states render consistently" classname="visual-regression.spec.ts" time="0">
<skipped>
</skipped>
</testcase>
<testcase name="Visual Regression Tests › Responsive Design Visual Tests › mobile layout renders consistently" classname="visual-regression.spec.ts" time="0">
<skipped>
</skipped>
</testcase>
<testcase name="Visual Regression Tests › Responsive Design Visual Tests › tablet layout renders consistently" classname="visual-regression.spec.ts" time="0">
<skipped>
</skipped>
</testcase>
<testcase name="Visual Regression Tests › Responsive Design Visual Tests › desktop layout renders consistently" classname="visual-regression.spec.ts" time="0">
<skipped>
</skipped>
</testcase>
<testcase name="Visual Regression Tests › Media Content Visual Tests › image galleries render consistently" classname="visual-regression.spec.ts" time="0">
<skipped>
</skipped>
</testcase>
<testcase name="Visual Regression Tests › Media Content Visual Tests › video players render consistently" classname="visual-regression.spec.ts" time="0">
<skipped>
</skipped>
</testcase>
<testcase name="Visual Regression Tests › Loading States Visual Tests › loading spinners render consistently" classname="visual-regression.spec.ts" time="0">
<skipped>
</skipped>
</testcase>
<testcase name="Visual Regression Tests › Error States Visual Tests › error messages render consistently" classname="visual-regression.spec.ts" time="0">
<skipped>
</skipped>
</testcase>
</testsuite>
<testsuite name="cross-browser-compatibility.spec.ts" timestamp="2025-07-19T23:20:02.221Z" hostname="edge" tests="18" failures="0" skipped="18" time="0" errors="0">
<testcase name="Cross-Browser Compatibility › Visual Consistency › homepage renders consistently across browsers" classname="cross-browser-compatibility.spec.ts" time="0">
<skipped>
</skipped>
</testcase>
<testcase name="Cross-Browser Compatibility › Visual Consistency › project showcase page renders consistently" classname="cross-browser-compatibility.spec.ts" time="0">
<skipped>
</skipped>
</testcase>
<testcase name="Cross-Browser Compatibility › Visual Consistency › admin interface renders consistently" classname="cross-browser-compatibility.spec.ts" time="0">
<skipped>
</skipped>
</testcase>
<testcase name="Cross-Browser Compatibility › Feature Detection and Polyfills › detects browser capabilities correctly" classname="cross-browser-compatibility.spec.ts" time="0">
<skipped>
</skipped>
</testcase>
<testcase name="Cross-Browser Compatibility › Feature Detection and Polyfills › loads appropriate polyfills based on browser" classname="cross-browser-compatibility.spec.ts" time="0">
<skipped>
</skipped>
</testcase>
<testcase name="Cross-Browser Compatibility › Feature Detection and Polyfills › CSS feature detection works correctly" classname="cross-browser-compatibility.spec.ts" time="0">
<skipped>
</skipped>
</testcase>
<testcase name="Cross-Browser Compatibility › Media Compatibility › video format detection works across browsers" classname="cross-browser-compatibility.spec.ts" time="0">
<skipped>
</skipped>
</testcase>
<testcase name="Cross-Browser Compatibility › Media Compatibility › image format detection works correctly" classname="cross-browser-compatibility.spec.ts" time="0">
<skipped>
</skipped>
</testcase>
<testcase name="Cross-Browser Compatibility › Form and Input Compatibility › file upload functionality works across browsers" classname="cross-browser-compatibility.spec.ts" time="0">
<skipped>
</skipped>
</testcase>
<testcase name="Cross-Browser Compatibility › Form and Input Compatibility › form validation works consistently" classname="cross-browser-compatibility.spec.ts" time="0">
<skipped>
</skipped>
</testcase>
<testcase name="Cross-Browser Compatibility › Form and Input Compatibility › drag and drop functionality works" classname="cross-browser-compatibility.spec.ts" time="0">
<skipped>
</skipped>
</testcase>
<testcase name="Cross-Browser Compatibility › Event Handling Compatibility › click events work consistently" classname="cross-browser-compatibility.spec.ts" time="0">
<skipped>
</skipped>
</testcase>
<testcase name="Cross-Browser Compatibility › Event Handling Compatibility › keyboard navigation works" classname="cross-browser-compatibility.spec.ts" time="0">
<skipped>
</skipped>
</testcase>
<testcase name="Cross-Browser Compatibility › Event Handling Compatibility › touch events work on mobile browsers" classname="cross-browser-compatibility.spec.ts" time="0">
<skipped>
</skipped>
</testcase>
<testcase name="Cross-Browser Compatibility › Responsive Design Compatibility › responsive layout works across different viewport sizes" classname="cross-browser-compatibility.spec.ts" time="0">
<skipped>
</skipped>
</testcase>
<testcase name="Cross-Browser Compatibility › Responsive Design Compatibility › media queries work correctly" classname="cross-browser-compatibility.spec.ts" time="0">
<skipped>
</skipped>
</testcase>
<testcase name="Cross-Browser Compatibility › Error Handling and Fallbacks › graceful degradation when features are unavailable" classname="cross-browser-compatibility.spec.ts" time="0">
<skipped>
</skipped>
</testcase>
<testcase name="Cross-Browser Compatibility › Error Handling and Fallbacks › error messages display correctly" classname="cross-browser-compatibility.spec.ts" time="0">
<skipped>
</skipped>
</testcase>
</testsuite>
<testsuite name="feature-detection.spec.ts" timestamp="2025-07-19T23:20:02.221Z" hostname="edge" tests="19" failures="0" skipped="19" time="0" errors="0">
<testcase name="Feature Detection Tests › Browser Detection › detects browser type correctly" classname="feature-detection.spec.ts" time="0">
<skipped>
</skipped>
</testcase>
<testcase name="Feature Detection Tests › Browser Detection › detects browser version information" classname="feature-detection.spec.ts" time="0">
<skipped>
</skipped>
</testcase>
<testcase name="Feature Detection Tests › JavaScript Feature Detection › detects Fetch API support" classname="feature-detection.spec.ts" time="0">
<skipped>
</skipped>
</testcase>
<testcase name="Feature Detection Tests › JavaScript Feature Detection › detects Promise support" classname="feature-detection.spec.ts" time="0">
<skipped>
</skipped>
</testcase>
<testcase name="Feature Detection Tests › JavaScript Feature Detection › detects async/await support" classname="feature-detection.spec.ts" time="0">
<skipped>
</skipped>
</testcase>
<testcase name="Feature Detection Tests › JavaScript Feature Detection › detects Intersection Observer support" classname="feature-detection.spec.ts" time="0">
<skipped>
</skipped>
</testcase>
<testcase name="Feature Detection Tests › JavaScript Feature Detection › detects Object.assign support" classname="feature-detection.spec.ts" time="0">
<skipped>
</skipped>
</testcase>
<testcase name="Feature Detection Tests › JavaScript Feature Detection › detects CustomEvent support" classname="feature-detection.spec.ts" time="0">
<skipped>
</skipped>
</testcase>
<testcase name="Feature Detection Tests › CSS Feature Detection › detects CSS Grid support" classname="feature-detection.spec.ts" time="0">
<skipped>
</skipped>
</testcase>
<testcase name="Feature Detection Tests › CSS Feature Detection › detects CSS Flexbox support" classname="feature-detection.spec.ts" time="0">
<skipped>
</skipped>
</testcase>
<testcase name="Feature Detection Tests › CSS Feature Detection › detects CSS Custom Properties support" classname="feature-detection.spec.ts" time="0">
<skipped>
</skipped>
</testcase>
<testcase name="Feature Detection Tests › CSS Feature Detection › detects CSS Transform support" classname="feature-detection.spec.ts" time="0">
<skipped>
</skipped>
</testcase>
<testcase name="Feature Detection Tests › CSS Feature Detection › detects CSS Transition support" classname="feature-detection.spec.ts" time="0">
<skipped>
</skipped>
</testcase>
<testcase name="Feature Detection Tests › Media Feature Detection › detects video format support" classname="feature-detection.spec.ts" time="0">
<skipped>
</skipped>
</testcase>
<testcase name="Feature Detection Tests › Media Feature Detection › detects image format support" classname="feature-detection.spec.ts" time="0">
<skipped>
</skipped>
</testcase>
<testcase name="Feature Detection Tests › Polyfill Loading Verification › verifies polyfills are loaded when needed" classname="feature-detection.spec.ts" time="0">
<skipped>
</skipped>
</testcase>
<testcase name="Feature Detection Tests › Polyfill Loading Verification › verifies feature detection triggers correct polyfill loading" classname="feature-detection.spec.ts" time="0">
<skipped>
</skipped>
</testcase>
<testcase name="Feature Detection Tests › Fallback Mechanism Tests › verifies CSS fallbacks are applied when needed" classname="feature-detection.spec.ts" time="0">
<skipped>
</skipped>
</testcase>
<testcase name="Feature Detection Tests › Fallback Mechanism Tests › verifies JavaScript fallbacks work correctly" classname="feature-detection.spec.ts" time="0">
<skipped>
</skipped>
</testcase>
</testsuite>
<testsuite name="performance.spec.ts" timestamp="2025-07-19T23:20:02.221Z" hostname="edge" tests="14" failures="0" skipped="14" time="0" errors="0">
<testcase name="Cross-Browser Performance Tests › Page Load Performance › homepage loads within acceptable time limits" classname="performance.spec.ts" time="0">
<skipped>
</skipped>
</testcase>
<testcase name="Cross-Browser Performance Tests › Page Load Performance › projects page loads efficiently" classname="performance.spec.ts" time="0">
<skipped>
</skipped>
</testcase>
<testcase name="Cross-Browser Performance Tests › Page Load Performance › admin interface loads within reasonable time" classname="performance.spec.ts" time="0">
<skipped>
</skipped>
</testcase>
<testcase name="Cross-Browser Performance Tests › Bundle Size and Resource Loading › measures JavaScript bundle sizes" classname="performance.spec.ts" time="0">
<skipped>
</skipped>
</testcase>
<testcase name="Cross-Browser Performance Tests › Bundle Size and Resource Loading › measures CSS bundle sizes" classname="performance.spec.ts" time="0">
<skipped>
</skipped>
</testcase>
<testcase name="Cross-Browser Performance Tests › Bundle Size and Resource Loading › measures polyfill loading impact" classname="performance.spec.ts" time="0">
<skipped>
</skipped>
</testcase>
<testcase name="Cross-Browser Performance Tests › Runtime Performance › measures JavaScript execution performance" classname="performance.spec.ts" time="0">
<skipped>
</skipped>
</testcase>
<testcase name="Cross-Browser Performance Tests › Runtime Performance › measures DOM manipulation performance" classname="performance.spec.ts" time="0">
<skipped>
</skipped>
</testcase>
<testcase name="Cross-Browser Performance Tests › Runtime Performance › measures CSS animation performance" classname="performance.spec.ts" time="0">
<skipped>
</skipped>
</testcase>
<testcase name="Cross-Browser Performance Tests › Memory Usage › measures memory usage during navigation" classname="performance.spec.ts" time="0">
<skipped>
</skipped>
</testcase>
<testcase name="Cross-Browser Performance Tests › Network Performance › measures resource loading times" classname="performance.spec.ts" time="0">
<skipped>
</skipped>
</testcase>
<testcase name="Cross-Browser Performance Tests › Compatibility Layer Performance Impact › measures polyfill loading overhead" classname="performance.spec.ts" time="0">
<skipped>
</skipped>
</testcase>
<testcase name="Cross-Browser Performance Tests › Compatibility Layer Performance Impact › measures CSS fallback rendering performance" classname="performance.spec.ts" time="0">
<skipped>
</skipped>
</testcase>
<testcase name="Cross-Browser Performance Tests › Performance Comparison Across Browsers › compares overall page performance metrics" classname="performance.spec.ts" time="0">
<skipped>
</skipped>
</testcase>
</testsuite>
<testsuite name="visual-regression.spec.ts" timestamp="2025-07-19T23:20:02.221Z" hostname="edge" tests="17" failures="0" skipped="17" time="0" errors="0">
<testcase name="Visual Regression Tests › Homepage Visual Consistency › homepage header renders consistently" classname="visual-regression.spec.ts" time="0">
<skipped>
</skipped>
</testcase>
<testcase name="Visual Regression Tests › Homepage Visual Consistency › homepage hero section renders consistently" classname="visual-regression.spec.ts" time="0">
<skipped>
</skipped>
</testcase>
<testcase name="Visual Regression Tests › Homepage Visual Consistency › homepage navigation renders consistently" classname="visual-regression.spec.ts" time="0">
<skipped>
</skipped>
</testcase>
<testcase name="Visual Regression Tests › Projects Page Visual Consistency › projects grid layout renders consistently" classname="visual-regression.spec.ts" time="0">
<skipped>
</skipped>
</testcase>
<testcase name="Visual Regression Tests › Projects Page Visual Consistency › project card components render consistently" classname="visual-regression.spec.ts" time="0">
<skipped>
</skipped>
</testcase>
<testcase name="Visual Regression Tests › Admin Interface Visual Consistency › admin dashboard renders consistently" classname="visual-regression.spec.ts" time="0">
<skipped>
</skipped>
</testcase>
<testcase name="Visual Regression Tests › Admin Interface Visual Consistency › admin navigation sidebar renders consistently" classname="visual-regression.spec.ts" time="0">
<skipped>
</skipped>
</testcase>
<testcase name="Visual Regression Tests › Admin Interface Visual Consistency › admin form dialogs render consistently" classname="visual-regression.spec.ts" time="0">
<skipped>
</skipped>
</testcase>
<testcase name="Visual Regression Tests › Form Components Visual Consistency › file upload components render consistently" classname="visual-regression.spec.ts" time="0">
<skipped>
</skipped>
</testcase>
<testcase name="Visual Regression Tests › Form Components Visual Consistency › form validation states render consistently" classname="visual-regression.spec.ts" time="0">
<skipped>
</skipped>
</testcase>
<testcase name="Visual Regression Tests › Responsive Design Visual Tests › mobile layout renders consistently" classname="visual-regression.spec.ts" time="0">
<skipped>
</skipped>
</testcase>
<testcase name="Visual Regression Tests › Responsive Design Visual Tests › tablet layout renders consistently" classname="visual-regression.spec.ts" time="0">
<skipped>
</skipped>
</testcase>
<testcase name="Visual Regression Tests › Responsive Design Visual Tests › desktop layout renders consistently" classname="visual-regression.spec.ts" time="0">
<skipped>
</skipped>
</testcase>
<testcase name="Visual Regression Tests › Media Content Visual Tests › image galleries render consistently" classname="visual-regression.spec.ts" time="0">
<skipped>
</skipped>
</testcase>
<testcase name="Visual Regression Tests › Media Content Visual Tests › video players render consistently" classname="visual-regression.spec.ts" time="0">
<skipped>
</skipped>
</testcase>
<testcase name="Visual Regression Tests › Loading States Visual Tests › loading spinners render consistently" classname="visual-regression.spec.ts" time="0">
<skipped>
</skipped>
</testcase>
<testcase name="Visual Regression Tests › Error States Visual Tests › error messages render consistently" classname="visual-regression.spec.ts" time="0">
<skipped>
</skipped>
</testcase>
</testsuite>
<testsuite name="cross-browser-compatibility.spec.ts" timestamp="2025-07-19T23:20:02.221Z" hostname="Mobile Chrome" tests="18" failures="0" skipped="18" time="0" errors="0">
<testcase name="Cross-Browser Compatibility › Visual Consistency › homepage renders consistently across browsers" classname="cross-browser-compatibility.spec.ts" time="0">
<skipped>
</skipped>
</testcase>
<testcase name="Cross-Browser Compatibility › Visual Consistency › project showcase page renders consistently" classname="cross-browser-compatibility.spec.ts" time="0">
<skipped>
</skipped>
</testcase>
<testcase name="Cross-Browser Compatibility › Visual Consistency › admin interface renders consistently" classname="cross-browser-compatibility.spec.ts" time="0">
<skipped>
</skipped>
</testcase>
<testcase name="Cross-Browser Compatibility › Feature Detection and Polyfills › detects browser capabilities correctly" classname="cross-browser-compatibility.spec.ts" time="0">
<skipped>
</skipped>
</testcase>
<testcase name="Cross-Browser Compatibility › Feature Detection and Polyfills › loads appropriate polyfills based on browser" classname="cross-browser-compatibility.spec.ts" time="0">
<skipped>
</skipped>
</testcase>
<testcase name="Cross-Browser Compatibility › Feature Detection and Polyfills › CSS feature detection works correctly" classname="cross-browser-compatibility.spec.ts" time="0">
<skipped>
</skipped>
</testcase>
<testcase name="Cross-Browser Compatibility › Media Compatibility › video format detection works across browsers" classname="cross-browser-compatibility.spec.ts" time="0">
<skipped>
</skipped>
</testcase>
<testcase name="Cross-Browser Compatibility › Media Compatibility › image format detection works correctly" classname="cross-browser-compatibility.spec.ts" time="0">
<skipped>
</skipped>
</testcase>
<testcase name="Cross-Browser Compatibility › Form and Input Compatibility › file upload functionality works across browsers" classname="cross-browser-compatibility.spec.ts" time="0">
<skipped>
</skipped>
</testcase>
<testcase name="Cross-Browser Compatibility › Form and Input Compatibility › form validation works consistently" classname="cross-browser-compatibility.spec.ts" time="0">
<skipped>
</skipped>
</testcase>
<testcase name="Cross-Browser Compatibility › Form and Input Compatibility › drag and drop functionality works" classname="cross-browser-compatibility.spec.ts" time="0">
<skipped>
</skipped>
</testcase>
<testcase name="Cross-Browser Compatibility › Event Handling Compatibility › click events work consistently" classname="cross-browser-compatibility.spec.ts" time="0">
<skipped>
</skipped>
</testcase>
<testcase name="Cross-Browser Compatibility › Event Handling Compatibility › keyboard navigation works" classname="cross-browser-compatibility.spec.ts" time="0">
<skipped>
</skipped>
</testcase>
<testcase name="Cross-Browser Compatibility › Event Handling Compatibility › touch events work on mobile browsers" classname="cross-browser-compatibility.spec.ts" time="0">
<skipped>
</skipped>
</testcase>
<testcase name="Cross-Browser Compatibility › Responsive Design Compatibility › responsive layout works across different viewport sizes" classname="cross-browser-compatibility.spec.ts" time="0">
<skipped>
</skipped>
</testcase>
<testcase name="Cross-Browser Compatibility › Responsive Design Compatibility › media queries work correctly" classname="cross-browser-compatibility.spec.ts" time="0">
<skipped>
</skipped>
</testcase>
<testcase name="Cross-Browser Compatibility › Error Handling and Fallbacks › graceful degradation when features are unavailable" classname="cross-browser-compatibility.spec.ts" time="0">
<skipped>
</skipped>
</testcase>
<testcase name="Cross-Browser Compatibility › Error Handling and Fallbacks › error messages display correctly" classname="cross-browser-compatibility.spec.ts" time="0">
<skipped>
</skipped>
</testcase>
</testsuite>
<testsuite name="feature-detection.spec.ts" timestamp="2025-07-19T23:20:02.221Z" hostname="Mobile Chrome" tests="19" failures="0" skipped="19" time="0" errors="0">
<testcase name="Feature Detection Tests › Browser Detection › detects browser type correctly" classname="feature-detection.spec.ts" time="0">
<skipped>
</skipped>
</testcase>
<testcase name="Feature Detection Tests › Browser Detection › detects browser version information" classname="feature-detection.spec.ts" time="0">
<skipped>
</skipped>
</testcase>
<testcase name="Feature Detection Tests › JavaScript Feature Detection › detects Fetch API support" classname="feature-detection.spec.ts" time="0">
<skipped>
</skipped>
</testcase>
<testcase name="Feature Detection Tests › JavaScript Feature Detection › detects Promise support" classname="feature-detection.spec.ts" time="0">
<skipped>
</skipped>
</testcase>
<testcase name="Feature Detection Tests › JavaScript Feature Detection › detects async/await support" classname="feature-detection.spec.ts" time="0">
<skipped>
</skipped>
</testcase>
<testcase name="Feature Detection Tests › JavaScript Feature Detection › detects Intersection Observer support" classname="feature-detection.spec.ts" time="0">
<skipped>
</skipped>
</testcase>
<testcase name="Feature Detection Tests › JavaScript Feature Detection › detects Object.assign support" classname="feature-detection.spec.ts" time="0">
<skipped>
</skipped>
</testcase>
<testcase name="Feature Detection Tests › JavaScript Feature Detection › detects CustomEvent support" classname="feature-detection.spec.ts" time="0">
<skipped>
</skipped>
</testcase>
<testcase name="Feature Detection Tests › CSS Feature Detection › detects CSS Grid support" classname="feature-detection.spec.ts" time="0">
<skipped>
</skipped>
</testcase>
<testcase name="Feature Detection Tests › CSS Feature Detection › detects CSS Flexbox support" classname="feature-detection.spec.ts" time="0">
<skipped>
</skipped>
</testcase>
<testcase name="Feature Detection Tests › CSS Feature Detection › detects CSS Custom Properties support" classname="feature-detection.spec.ts" time="0">
<skipped>
</skipped>
</testcase>
<testcase name="Feature Detection Tests › CSS Feature Detection › detects CSS Transform support" classname="feature-detection.spec.ts" time="0">
<skipped>
</skipped>
</testcase>
<testcase name="Feature Detection Tests › CSS Feature Detection › detects CSS Transition support" classname="feature-detection.spec.ts" time="0">
<skipped>
</skipped>
</testcase>
<testcase name="Feature Detection Tests › Media Feature Detection › detects video format support" classname="feature-detection.spec.ts" time="0">
<skipped>
</skipped>
</testcase>
<testcase name="Feature Detection Tests › Media Feature Detection › detects image format support" classname="feature-detection.spec.ts" time="0">
<skipped>
</skipped>
</testcase>
<testcase name="Feature Detection Tests › Polyfill Loading Verification › verifies polyfills are loaded when needed" classname="feature-detection.spec.ts" time="0">
<skipped>
</skipped>
</testcase>
<testcase name="Feature Detection Tests › Polyfill Loading Verification › verifies feature detection triggers correct polyfill loading" classname="feature-detection.spec.ts" time="0">
<skipped>
</skipped>
</testcase>
<testcase name="Feature Detection Tests › Fallback Mechanism Tests › verifies CSS fallbacks are applied when needed" classname="feature-detection.spec.ts" time="0">
<skipped>
</skipped>
</testcase>
<testcase name="Feature Detection Tests › Fallback Mechanism Tests › verifies JavaScript fallbacks work correctly" classname="feature-detection.spec.ts" time="0">
<skipped>
</skipped>
</testcase>
</testsuite>
<testsuite name="performance.spec.ts" timestamp="2025-07-19T23:20:02.221Z" hostname="Mobile Chrome" tests="14" failures="0" skipped="14" time="0" errors="0">
<testcase name="Cross-Browser Performance Tests › Page Load Performance › homepage loads within acceptable time limits" classname="performance.spec.ts" time="0">
<skipped>
</skipped>
</testcase>
<testcase name="Cross-Browser Performance Tests › Page Load Performance › projects page loads efficiently" classname="performance.spec.ts" time="0">
<skipped>
</skipped>
</testcase>
<testcase name="Cross-Browser Performance Tests › Page Load Performance › admin interface loads within reasonable time" classname="performance.spec.ts" time="0">
<skipped>
</skipped>
</testcase>
<testcase name="Cross-Browser Performance Tests › Bundle Size and Resource Loading › measures JavaScript bundle sizes" classname="performance.spec.ts" time="0">
<skipped>
</skipped>
</testcase>
<testcase name="Cross-Browser Performance Tests › Bundle Size and Resource Loading › measures CSS bundle sizes" classname="performance.spec.ts" time="0">
<skipped>
</skipped>
</testcase>
<testcase name="Cross-Browser Performance Tests › Bundle Size and Resource Loading › measures polyfill loading impact" classname="performance.spec.ts" time="0">
<skipped>
</skipped>
</testcase>
<testcase name="Cross-Browser Performance Tests › Runtime Performance › measures JavaScript execution performance" classname="performance.spec.ts" time="0">
<skipped>
</skipped>
</testcase>
<testcase name="Cross-Browser Performance Tests › Runtime Performance › measures DOM manipulation performance" classname="performance.spec.ts" time="0">
<skipped>
</skipped>
</testcase>
<testcase name="Cross-Browser Performance Tests › Runtime Performance › measures CSS animation performance" classname="performance.spec.ts" time="0">
<skipped>
</skipped>
</testcase>
<testcase name="Cross-Browser Performance Tests › Memory Usage › measures memory usage during navigation" classname="performance.spec.ts" time="0">
<skipped>
</skipped>
</testcase>
<testcase name="Cross-Browser Performance Tests › Network Performance › measures resource loading times" classname="performance.spec.ts" time="0">
<skipped>
</skipped>
</testcase>
<testcase name="Cross-Browser Performance Tests › Compatibility Layer Performance Impact › measures polyfill loading overhead" classname="performance.spec.ts" time="0">
<skipped>
</skipped>
</testcase>
<testcase name="Cross-Browser Performance Tests › Compatibility Layer Performance Impact › measures CSS fallback rendering performance" classname="performance.spec.ts" time="0">
<skipped>
</skipped>
</testcase>
<testcase name="Cross-Browser Performance Tests › Performance Comparison Across Browsers › compares overall page performance metrics" classname="performance.spec.ts" time="0">
<skipped>
</skipped>
</testcase>
</testsuite>
<testsuite name="visual-regression.spec.ts" timestamp="2025-07-19T23:20:02.221Z" hostname="Mobile Chrome" tests="17" failures="0" skipped="17" time="0" errors="0">
<testcase name="Visual Regression Tests › Homepage Visual Consistency › homepage header renders consistently" classname="visual-regression.spec.ts" time="0">
<skipped>
</skipped>
</testcase>
<testcase name="Visual Regression Tests › Homepage Visual Consistency › homepage hero section renders consistently" classname="visual-regression.spec.ts" time="0">
<skipped>
</skipped>
</testcase>
<testcase name="Visual Regression Tests › Homepage Visual Consistency › homepage navigation renders consistently" classname="visual-regression.spec.ts" time="0">
<skipped>
</skipped>
</testcase>
<testcase name="Visual Regression Tests › Projects Page Visual Consistency › projects grid layout renders consistently" classname="visual-regression.spec.ts" time="0">
<skipped>
</skipped>
</testcase>
<testcase name="Visual Regression Tests › Projects Page Visual Consistency › project card components render consistently" classname="visual-regression.spec.ts" time="0">
<skipped>
</skipped>
</testcase>
<testcase name="Visual Regression Tests › Admin Interface Visual Consistency › admin dashboard renders consistently" classname="visual-regression.spec.ts" time="0">
<skipped>
</skipped>
</testcase>
<testcase name="Visual Regression Tests › Admin Interface Visual Consistency › admin navigation sidebar renders consistently" classname="visual-regression.spec.ts" time="0">
<skipped>
</skipped>
</testcase>
<testcase name="Visual Regression Tests › Admin Interface Visual Consistency › admin form dialogs render consistently" classname="visual-regression.spec.ts" time="0">
<skipped>
</skipped>
</testcase>
<testcase name="Visual Regression Tests › Form Components Visual Consistency › file upload components render consistently" classname="visual-regression.spec.ts" time="0">
<skipped>
</skipped>
</testcase>
<testcase name="Visual Regression Tests › Form Components Visual Consistency › form validation states render consistently" classname="visual-regression.spec.ts" time="0">
<skipped>
</skipped>
</testcase>
<testcase name="Visual Regression Tests › Responsive Design Visual Tests › mobile layout renders consistently" classname="visual-regression.spec.ts" time="0">
<skipped>
</skipped>
</testcase>
<testcase name="Visual Regression Tests › Responsive Design Visual Tests › tablet layout renders consistently" classname="visual-regression.spec.ts" time="0">
<skipped>
</skipped>
</testcase>
<testcase name="Visual Regression Tests › Responsive Design Visual Tests › desktop layout renders consistently" classname="visual-regression.spec.ts" time="0">
<skipped>
</skipped>
</testcase>
<testcase name="Visual Regression Tests › Media Content Visual Tests › image galleries render consistently" classname="visual-regression.spec.ts" time="0">
<skipped>
</skipped>
</testcase>
<testcase name="Visual Regression Tests › Media Content Visual Tests › video players render consistently" classname="visual-regression.spec.ts" time="0">
<skipped>
</skipped>
</testcase>
<testcase name="Visual Regression Tests › Loading States Visual Tests › loading spinners render consistently" classname="visual-regression.spec.ts" time="0">
<skipped>
</skipped>
</testcase>
<testcase name="Visual Regression Tests › Error States Visual Tests › error messages render consistently" classname="visual-regression.spec.ts" time="0">
<skipped>
</skipped>
</testcase>
</testsuite>
<testsuite name="cross-browser-compatibility.spec.ts" timestamp="2025-07-19T23:20:02.221Z" hostname="Mobile Safari" tests="18" failures="0" skipped="18" time="0" errors="0">
<testcase name="Cross-Browser Compatibility › Visual Consistency › homepage renders consistently across browsers" classname="cross-browser-compatibility.spec.ts" time="0">
<skipped>
</skipped>
</testcase>
<testcase name="Cross-Browser Compatibility › Visual Consistency › project showcase page renders consistently" classname="cross-browser-compatibility.spec.ts" time="0">
<skipped>
</skipped>
</testcase>
<testcase name="Cross-Browser Compatibility › Visual Consistency › admin interface renders consistently" classname="cross-browser-compatibility.spec.ts" time="0">
<skipped>
</skipped>
</testcase>
<testcase name="Cross-Browser Compatibility › Feature Detection and Polyfills › detects browser capabilities correctly" classname="cross-browser-compatibility.spec.ts" time="0">
<skipped>
</skipped>
</testcase>
<testcase name="Cross-Browser Compatibility › Feature Detection and Polyfills › loads appropriate polyfills based on browser" classname="cross-browser-compatibility.spec.ts" time="0">
<skipped>
</skipped>
</testcase>
<testcase name="Cross-Browser Compatibility › Feature Detection and Polyfills › CSS feature detection works correctly" classname="cross-browser-compatibility.spec.ts" time="0">
<skipped>
</skipped>
</testcase>
<testcase name="Cross-Browser Compatibility › Media Compatibility › video format detection works across browsers" classname="cross-browser-compatibility.spec.ts" time="0">
<skipped>
</skipped>
</testcase>
<testcase name="Cross-Browser Compatibility › Media Compatibility › image format detection works correctly" classname="cross-browser-compatibility.spec.ts" time="0">
<skipped>
</skipped>
</testcase>
<testcase name="Cross-Browser Compatibility › Form and Input Compatibility › file upload functionality works across browsers" classname="cross-browser-compatibility.spec.ts" time="0">
<skipped>
</skipped>
</testcase>
<testcase name="Cross-Browser Compatibility › Form and Input Compatibility › form validation works consistently" classname="cross-browser-compatibility.spec.ts" time="0">
<skipped>
</skipped>
</testcase>
<testcase name="Cross-Browser Compatibility › Form and Input Compatibility › drag and drop functionality works" classname="cross-browser-compatibility.spec.ts" time="0">
<skipped>
</skipped>
</testcase>
<testcase name="Cross-Browser Compatibility › Event Handling Compatibility › click events work consistently" classname="cross-browser-compatibility.spec.ts" time="0">
<skipped>
</skipped>
</testcase>
<testcase name="Cross-Browser Compatibility › Event Handling Compatibility › keyboard navigation works" classname="cross-browser-compatibility.spec.ts" time="0">
<skipped>
</skipped>
</testcase>
<testcase name="Cross-Browser Compatibility › Event Handling Compatibility › touch events work on mobile browsers" classname="cross-browser-compatibility.spec.ts" time="0">
<skipped>
</skipped>
</testcase>
<testcase name="Cross-Browser Compatibility › Responsive Design Compatibility › responsive layout works across different viewport sizes" classname="cross-browser-compatibility.spec.ts" time="0">
<skipped>
</skipped>
</testcase>
<testcase name="Cross-Browser Compatibility › Responsive Design Compatibility › media queries work correctly" classname="cross-browser-compatibility.spec.ts" time="0">
<skipped>
</skipped>
</testcase>
<testcase name="Cross-Browser Compatibility › Error Handling and Fallbacks › graceful degradation when features are unavailable" classname="cross-browser-compatibility.spec.ts" time="0">
<skipped>
</skipped>
</testcase>
<testcase name="Cross-Browser Compatibility › Error Handling and Fallbacks › error messages display correctly" classname="cross-browser-compatibility.spec.ts" time="0">
<skipped>
</skipped>
</testcase>
</testsuite>
<testsuite name="feature-detection.spec.ts" timestamp="2025-07-19T23:20:02.221Z" hostname="Mobile Safari" tests="19" failures="0" skipped="19" time="0" errors="0">
<testcase name="Feature Detection Tests › Browser Detection › detects browser type correctly" classname="feature-detection.spec.ts" time="0">
<skipped>
</skipped>
</testcase>
<testcase name="Feature Detection Tests › Browser Detection › detects browser version information" classname="feature-detection.spec.ts" time="0">
<skipped>
</skipped>
</testcase>
<testcase name="Feature Detection Tests › JavaScript Feature Detection › detects Fetch API support" classname="feature-detection.spec.ts" time="0">
<skipped>
</skipped>
</testcase>
<testcase name="Feature Detection Tests › JavaScript Feature Detection › detects Promise support" classname="feature-detection.spec.ts" time="0">
<skipped>
</skipped>
</testcase>
<testcase name="Feature Detection Tests › JavaScript Feature Detection › detects async/await support" classname="feature-detection.spec.ts" time="0">
<skipped>
</skipped>
</testcase>
<testcase name="Feature Detection Tests › JavaScript Feature Detection › detects Intersection Observer support" classname="feature-detection.spec.ts" time="0">
<skipped>
</skipped>
</testcase>
<testcase name="Feature Detection Tests › JavaScript Feature Detection › detects Object.assign support" classname="feature-detection.spec.ts" time="0">
<skipped>
</skipped>
</testcase>
<testcase name="Feature Detection Tests › JavaScript Feature Detection › detects CustomEvent support" classname="feature-detection.spec.ts" time="0">
<skipped>
</skipped>
</testcase>
<testcase name="Feature Detection Tests › CSS Feature Detection › detects CSS Grid support" classname="feature-detection.spec.ts" time="0">
<skipped>
</skipped>
</testcase>
<testcase name="Feature Detection Tests › CSS Feature Detection › detects CSS Flexbox support" classname="feature-detection.spec.ts" time="0">
<skipped>
</skipped>
</testcase>
<testcase name="Feature Detection Tests › CSS Feature Detection › detects CSS Custom Properties support" classname="feature-detection.spec.ts" time="0">
<skipped>
</skipped>
</testcase>
<testcase name="Feature Detection Tests › CSS Feature Detection › detects CSS Transform support" classname="feature-detection.spec.ts" time="0">
<skipped>
</skipped>
</testcase>
<testcase name="Feature Detection Tests › CSS Feature Detection › detects CSS Transition support" classname="feature-detection.spec.ts" time="0">
<skipped>
</skipped>
</testcase>
<testcase name="Feature Detection Tests › Media Feature Detection › detects video format support" classname="feature-detection.spec.ts" time="0">
<skipped>
</skipped>
</testcase>
<testcase name="Feature Detection Tests › Media Feature Detection › detects image format support" classname="feature-detection.spec.ts" time="0">
<skipped>
</skipped>
</testcase>
<testcase name="Feature Detection Tests › Polyfill Loading Verification › verifies polyfills are loaded when needed" classname="feature-detection.spec.ts" time="0">
<skipped>
</skipped>
</testcase>
<testcase name="Feature Detection Tests › Polyfill Loading Verification › verifies feature detection triggers correct polyfill loading" classname="feature-detection.spec.ts" time="0">
<skipped>
</skipped>
</testcase>
<testcase name="Feature Detection Tests › Fallback Mechanism Tests › verifies CSS fallbacks are applied when needed" classname="feature-detection.spec.ts" time="0">
<skipped>
</skipped>
</testcase>
<testcase name="Feature Detection Tests › Fallback Mechanism Tests › verifies JavaScript fallbacks work correctly" classname="feature-detection.spec.ts" time="0">
<skipped>
</skipped>
</testcase>
</testsuite>
<testsuite name="performance.spec.ts" timestamp="2025-07-19T23:20:02.221Z" hostname="Mobile Safari" tests="14" failures="0" skipped="14" time="0" errors="0">
<testcase name="Cross-Browser Performance Tests › Page Load Performance › homepage loads within acceptable time limits" classname="performance.spec.ts" time="0">
<skipped>
</skipped>
</testcase>
<testcase name="Cross-Browser Performance Tests › Page Load Performance › projects page loads efficiently" classname="performance.spec.ts" time="0">
<skipped>
</skipped>
</testcase>
<testcase name="Cross-Browser Performance Tests › Page Load Performance › admin interface loads within reasonable time" classname="performance.spec.ts" time="0">
<skipped>
</skipped>
</testcase>
<testcase name="Cross-Browser Performance Tests › Bundle Size and Resource Loading › measures JavaScript bundle sizes" classname="performance.spec.ts" time="0">
<skipped>
</skipped>
</testcase>
<testcase name="Cross-Browser Performance Tests › Bundle Size and Resource Loading › measures CSS bundle sizes" classname="performance.spec.ts" time="0">
<skipped>
</skipped>
</testcase>
<testcase name="Cross-Browser Performance Tests › Bundle Size and Resource Loading › measures polyfill loading impact" classname="performance.spec.ts" time="0">
<skipped>
</skipped>
</testcase>
<testcase name="Cross-Browser Performance Tests › Runtime Performance › measures JavaScript execution performance" classname="performance.spec.ts" time="0">
<skipped>
</skipped>
</testcase>
<testcase name="Cross-Browser Performance Tests › Runtime Performance › measures DOM manipulation performance" classname="performance.spec.ts" time="0">
<skipped>
</skipped>
</testcase>
<testcase name="Cross-Browser Performance Tests › Runtime Performance › measures CSS animation performance" classname="performance.spec.ts" time="0">
<skipped>
</skipped>
</testcase>
<testcase name="Cross-Browser Performance Tests › Memory Usage › measures memory usage during navigation" classname="performance.spec.ts" time="0">
<skipped>
</skipped>
</testcase>
<testcase name="Cross-Browser Performance Tests › Network Performance › measures resource loading times" classname="performance.spec.ts" time="0">
<skipped>
</skipped>
</testcase>
<testcase name="Cross-Browser Performance Tests › Compatibility Layer Performance Impact › measures polyfill loading overhead" classname="performance.spec.ts" time="0">
<skipped>
</skipped>
</testcase>
<testcase name="Cross-Browser Performance Tests › Compatibility Layer Performance Impact › measures CSS fallback rendering performance" classname="performance.spec.ts" time="0">
<skipped>
</skipped>
</testcase>
<testcase name="Cross-Browser Performance Tests › Performance Comparison Across Browsers › compares overall page performance metrics" classname="performance.spec.ts" time="0">
<skipped>
</skipped>
</testcase>
</testsuite>
<testsuite name="visual-regression.spec.ts" timestamp="2025-07-19T23:20:02.221Z" hostname="Mobile Safari" tests="17" failures="0" skipped="17" time="0" errors="0">
<testcase name="Visual Regression Tests › Homepage Visual Consistency › homepage header renders consistently" classname="visual-regression.spec.ts" time="0">
<skipped>
</skipped>
</testcase>
<testcase name="Visual Regression Tests › Homepage Visual Consistency › homepage hero section renders consistently" classname="visual-regression.spec.ts" time="0">
<skipped>
</skipped>
</testcase>
<testcase name="Visual Regression Tests › Homepage Visual Consistency › homepage navigation renders consistently" classname="visual-regression.spec.ts" time="0">
<skipped>
</skipped>
</testcase>
<testcase name="Visual Regression Tests › Projects Page Visual Consistency › projects grid layout renders consistently" classname="visual-regression.spec.ts" time="0">
<skipped>
</skipped>
</testcase>
<testcase name="Visual Regression Tests › Projects Page Visual Consistency › project card components render consistently" classname="visual-regression.spec.ts" time="0">
<skipped>
</skipped>
</testcase>
<testcase name="Visual Regression Tests › Admin Interface Visual Consistency › admin dashboard renders consistently" classname="visual-regression.spec.ts" time="0">
<skipped>
</skipped>
</testcase>
<testcase name="Visual Regression Tests › Admin Interface Visual Consistency › admin navigation sidebar renders consistently" classname="visual-regression.spec.ts" time="0">
<skipped>
</skipped>
</testcase>
<testcase name="Visual Regression Tests › Admin Interface Visual Consistency › admin form dialogs render consistently" classname="visual-regression.spec.ts" time="0">
<skipped>
</skipped>
</testcase>
<testcase name="Visual Regression Tests › Form Components Visual Consistency › file upload components render consistently" classname="visual-regression.spec.ts" time="0">
<skipped>
</skipped>
</testcase>
<testcase name="Visual Regression Tests › Form Components Visual Consistency › form validation states render consistently" classname="visual-regression.spec.ts" time="0">
<skipped>
</skipped>
</testcase>
<testcase name="Visual Regression Tests › Responsive Design Visual Tests › mobile layout renders consistently" classname="visual-regression.spec.ts" time="0">
<skipped>
</skipped>
</testcase>
<testcase name="Visual Regression Tests › Responsive Design Visual Tests › tablet layout renders consistently" classname="visual-regression.spec.ts" time="0">
<skipped>
</skipped>
</testcase>
<testcase name="Visual Regression Tests › Responsive Design Visual Tests › desktop layout renders consistently" classname="visual-regression.spec.ts" time="0">
<skipped>
</skipped>
</testcase>
<testcase name="Visual Regression Tests › Media Content Visual Tests › image galleries render consistently" classname="visual-regression.spec.ts" time="0">
<skipped>
</skipped>
</testcase>
<testcase name="Visual Regression Tests › Media Content Visual Tests › video players render consistently" classname="visual-regression.spec.ts" time="0">
<skipped>
</skipped>
</testcase>
<testcase name="Visual Regression Tests › Loading States Visual Tests › loading spinners render consistently" classname="visual-regression.spec.ts" time="0">
<skipped>
</skipped>
</testcase>
<testcase name="Visual Regression Tests › Error States Visual Tests › error messages render consistently" classname="visual-regression.spec.ts" time="0">
<skipped>
</skipped>
</testcase>
</testsuite>
<testsuite name="cross-browser-compatibility.spec.ts" timestamp="2025-07-19T23:20:02.221Z" hostname="chromium-legacy" tests="18" failures="0" skipped="18" time="0" errors="0">
<testcase name="Cross-Browser Compatibility › Visual Consistency › homepage renders consistently across browsers" classname="cross-browser-compatibility.spec.ts" time="0">
<skipped>
</skipped>
</testcase>
<testcase name="Cross-Browser Compatibility › Visual Consistency › project showcase page renders consistently" classname="cross-browser-compatibility.spec.ts" time="0">
<skipped>
</skipped>
</testcase>
<testcase name="Cross-Browser Compatibility › Visual Consistency › admin interface renders consistently" classname="cross-browser-compatibility.spec.ts" time="0">
<skipped>
</skipped>
</testcase>
<testcase name="Cross-Browser Compatibility › Feature Detection and Polyfills › detects browser capabilities correctly" classname="cross-browser-compatibility.spec.ts" time="0">
<skipped>
</skipped>
</testcase>
<testcase name="Cross-Browser Compatibility › Feature Detection and Polyfills › loads appropriate polyfills based on browser" classname="cross-browser-compatibility.spec.ts" time="0">
<skipped>
</skipped>
</testcase>
<testcase name="Cross-Browser Compatibility › Feature Detection and Polyfills › CSS feature detection works correctly" classname="cross-browser-compatibility.spec.ts" time="0">
<skipped>
</skipped>
</testcase>
<testcase name="Cross-Browser Compatibility › Media Compatibility › video format detection works across browsers" classname="cross-browser-compatibility.spec.ts" time="0">
<skipped>
</skipped>
</testcase>
<testcase name="Cross-Browser Compatibility › Media Compatibility › image format detection works correctly" classname="cross-browser-compatibility.spec.ts" time="0">
<skipped>
</skipped>
</testcase>
<testcase name="Cross-Browser Compatibility › Form and Input Compatibility › file upload functionality works across browsers" classname="cross-browser-compatibility.spec.ts" time="0">
<skipped>
</skipped>
</testcase>
<testcase name="Cross-Browser Compatibility › Form and Input Compatibility › form validation works consistently" classname="cross-browser-compatibility.spec.ts" time="0">
<skipped>
</skipped>
</testcase>
<testcase name="Cross-Browser Compatibility › Form and Input Compatibility › drag and drop functionality works" classname="cross-browser-compatibility.spec.ts" time="0">
<skipped>
</skipped>
</testcase>
<testcase name="Cross-Browser Compatibility › Event Handling Compatibility › click events work consistently" classname="cross-browser-compatibility.spec.ts" time="0">
<skipped>
</skipped>
</testcase>
<testcase name="Cross-Browser Compatibility › Event Handling Compatibility › keyboard navigation works" classname="cross-browser-compatibility.spec.ts" time="0">
<skipped>
</skipped>
</testcase>
<testcase name="Cross-Browser Compatibility › Event Handling Compatibility › touch events work on mobile browsers" classname="cross-browser-compatibility.spec.ts" time="0">
<skipped>
</skipped>
</testcase>
<testcase name="Cross-Browser Compatibility › Responsive Design Compatibility › responsive layout works across different viewport sizes" classname="cross-browser-compatibility.spec.ts" time="0">
<skipped>
</skipped>
</testcase>
<testcase name="Cross-Browser Compatibility › Responsive Design Compatibility › media queries work correctly" classname="cross-browser-compatibility.spec.ts" time="0">
<skipped>
</skipped>
</testcase>
<testcase name="Cross-Browser Compatibility › Error Handling and Fallbacks › graceful degradation when features are unavailable" classname="cross-browser-compatibility.spec.ts" time="0">
<skipped>
</skipped>
</testcase>
<testcase name="Cross-Browser Compatibility › Error Handling and Fallbacks › error messages display correctly" classname="cross-browser-compatibility.spec.ts" time="0">
<skipped>
</skipped>
</testcase>
</testsuite>
<testsuite name="feature-detection.spec.ts" timestamp="2025-07-19T23:20:02.221Z" hostname="chromium-legacy" tests="19" failures="0" skipped="19" time="0" errors="0">
<testcase name="Feature Detection Tests › Browser Detection › detects browser type correctly" classname="feature-detection.spec.ts" time="0">
<skipped>
</skipped>
</testcase>
<testcase name="Feature Detection Tests › Browser Detection › detects browser version information" classname="feature-detection.spec.ts" time="0">
<skipped>
</skipped>
</testcase>
<testcase name="Feature Detection Tests › JavaScript Feature Detection › detects Fetch API support" classname="feature-detection.spec.ts" time="0">
<skipped>
</skipped>
</testcase>
<testcase name="Feature Detection Tests › JavaScript Feature Detection › detects Promise support" classname="feature-detection.spec.ts" time="0">
<skipped>
</skipped>
</testcase>
<testcase name="Feature Detection Tests › JavaScript Feature Detection › detects async/await support" classname="feature-detection.spec.ts" time="0">
<skipped>
</skipped>
</testcase>
<testcase name="Feature Detection Tests › JavaScript Feature Detection › detects Intersection Observer support" classname="feature-detection.spec.ts" time="0">
<skipped>
</skipped>
</testcase>
<testcase name="Feature Detection Tests › JavaScript Feature Detection › detects Object.assign support" classname="feature-detection.spec.ts" time="0">
<skipped>
</skipped>
</testcase>
<testcase name="Feature Detection Tests › JavaScript Feature Detection › detects CustomEvent support" classname="feature-detection.spec.ts" time="0">
<skipped>
</skipped>
</testcase>
<testcase name="Feature Detection Tests › CSS Feature Detection › detects CSS Grid support" classname="feature-detection.spec.ts" time="0">
<skipped>
</skipped>
</testcase>
<testcase name="Feature Detection Tests › CSS Feature Detection › detects CSS Flexbox support" classname="feature-detection.spec.ts" time="0">
<skipped>
</skipped>
</testcase>
<testcase name="Feature Detection Tests › CSS Feature Detection › detects CSS Custom Properties support" classname="feature-detection.spec.ts" time="0">
<skipped>
</skipped>
</testcase>
<testcase name="Feature Detection Tests › CSS Feature Detection › detects CSS Transform support" classname="feature-detection.spec.ts" time="0">
<skipped>
</skipped>
</testcase>
<testcase name="Feature Detection Tests › CSS Feature Detection › detects CSS Transition support" classname="feature-detection.spec.ts" time="0">
<skipped>
</skipped>
</testcase>
<testcase name="Feature Detection Tests › Media Feature Detection › detects video format support" classname="feature-detection.spec.ts" time="0">
<skipped>
</skipped>
</testcase>
<testcase name="Feature Detection Tests › Media Feature Detection › detects image format support" classname="feature-detection.spec.ts" time="0">
<skipped>
</skipped>
</testcase>
<testcase name="Feature Detection Tests › Polyfill Loading Verification › verifies polyfills are loaded when needed" classname="feature-detection.spec.ts" time="0">
<skipped>
</skipped>
</testcase>
<testcase name="Feature Detection Tests › Polyfill Loading Verification › verifies feature detection triggers correct polyfill loading" classname="feature-detection.spec.ts" time="0">
<skipped>
</skipped>
</testcase>
<testcase name="Feature Detection Tests › Fallback Mechanism Tests › verifies CSS fallbacks are applied when needed" classname="feature-detection.spec.ts" time="0">
<skipped>
</skipped>
</testcase>
<testcase name="Feature Detection Tests › Fallback Mechanism Tests › verifies JavaScript fallbacks work correctly" classname="feature-detection.spec.ts" time="0">
<skipped>
</skipped>
</testcase>
</testsuite>
<testsuite name="performance.spec.ts" timestamp="2025-07-19T23:20:02.221Z" hostname="chromium-legacy" tests="14" failures="0" skipped="14" time="0" errors="0">
<testcase name="Cross-Browser Performance Tests › Page Load Performance › homepage loads within acceptable time limits" classname="performance.spec.ts" time="0">
<skipped>
</skipped>
</testcase>
<testcase name="Cross-Browser Performance Tests › Page Load Performance › projects page loads efficiently" classname="performance.spec.ts" time="0">
<skipped>
</skipped>
</testcase>
<testcase name="Cross-Browser Performance Tests › Page Load Performance › admin interface loads within reasonable time" classname="performance.spec.ts" time="0">
<skipped>
</skipped>
</testcase>
<testcase name="Cross-Browser Performance Tests › Bundle Size and Resource Loading › measures JavaScript bundle sizes" classname="performance.spec.ts" time="0">
<skipped>
</skipped>
</testcase>
<testcase name="Cross-Browser Performance Tests › Bundle Size and Resource Loading › measures CSS bundle sizes" classname="performance.spec.ts" time="0">
<skipped>
</skipped>
</testcase>
<testcase name="Cross-Browser Performance Tests › Bundle Size and Resource Loading › measures polyfill loading impact" classname="performance.spec.ts" time="0">
<skipped>
</skipped>
</testcase>
<testcase name="Cross-Browser Performance Tests › Runtime Performance › measures JavaScript execution performance" classname="performance.spec.ts" time="0">
<skipped>
</skipped>
</testcase>
<testcase name="Cross-Browser Performance Tests › Runtime Performance › measures DOM manipulation performance" classname="performance.spec.ts" time="0">
<skipped>
</skipped>
</testcase>
<testcase name="Cross-Browser Performance Tests › Runtime Performance › measures CSS animation performance" classname="performance.spec.ts" time="0">
<skipped>
</skipped>
</testcase>
<testcase name="Cross-Browser Performance Tests › Memory Usage › measures memory usage during navigation" classname="performance.spec.ts" time="0">
<skipped>
</skipped>
</testcase>
<testcase name="Cross-Browser Performance Tests › Network Performance › measures resource loading times" classname="performance.spec.ts" time="0">
<skipped>
</skipped>
</testcase>
<testcase name="Cross-Browser Performance Tests › Compatibility Layer Performance Impact › measures polyfill loading overhead" classname="performance.spec.ts" time="0">
<skipped>
</skipped>
</testcase>
<testcase name="Cross-Browser Performance Tests › Compatibility Layer Performance Impact › measures CSS fallback rendering performance" classname="performance.spec.ts" time="0">
<skipped>
</skipped>
</testcase>
<testcase name="Cross-Browser Performance Tests › Performance Comparison Across Browsers › compares overall page performance metrics" classname="performance.spec.ts" time="0">
<skipped>
</skipped>
</testcase>
</testsuite>
<testsuite name="visual-regression.spec.ts" timestamp="2025-07-19T23:20:02.221Z" hostname="chromium-legacy" tests="17" failures="0" skipped="17" time="0" errors="0">
<testcase name="Visual Regression Tests › Homepage Visual Consistency › homepage header renders consistently" classname="visual-regression.spec.ts" time="0">
<skipped>
</skipped>
</testcase>
<testcase name="Visual Regression Tests › Homepage Visual Consistency › homepage hero section renders consistently" classname="visual-regression.spec.ts" time="0">
<skipped>
</skipped>
</testcase>
<testcase name="Visual Regression Tests › Homepage Visual Consistency › homepage navigation renders consistently" classname="visual-regression.spec.ts" time="0">
<skipped>
</skipped>
</testcase>
<testcase name="Visual Regression Tests › Projects Page Visual Consistency › projects grid layout renders consistently" classname="visual-regression.spec.ts" time="0">
<skipped>
</skipped>
</testcase>
<testcase name="Visual Regression Tests › Projects Page Visual Consistency › project card components render consistently" classname="visual-regression.spec.ts" time="0">
<skipped>
</skipped>
</testcase>
<testcase name="Visual Regression Tests › Admin Interface Visual Consistency › admin dashboard renders consistently" classname="visual-regression.spec.ts" time="0">
<skipped>
</skipped>
</testcase>
<testcase name="Visual Regression Tests › Admin Interface Visual Consistency › admin navigation sidebar renders consistently" classname="visual-regression.spec.ts" time="0">
<skipped>
</skipped>
</testcase>
<testcase name="Visual Regression Tests › Admin Interface Visual Consistency › admin form dialogs render consistently" classname="visual-regression.spec.ts" time="0">
<skipped>
</skipped>
</testcase>
<testcase name="Visual Regression Tests › Form Components Visual Consistency › file upload components render consistently" classname="visual-regression.spec.ts" time="0">
<skipped>
</skipped>
</testcase>
<testcase name="Visual Regression Tests › Form Components Visual Consistency › form validation states render consistently" classname="visual-regression.spec.ts" time="0">
<skipped>
</skipped>
</testcase>
<testcase name="Visual Regression Tests › Responsive Design Visual Tests › mobile layout renders consistently" classname="visual-regression.spec.ts" time="0">
<skipped>
</skipped>
</testcase>
<testcase name="Visual Regression Tests › Responsive Design Visual Tests › tablet layout renders consistently" classname="visual-regression.spec.ts" time="0">
<skipped>
</skipped>
</testcase>
<testcase name="Visual Regression Tests › Responsive Design Visual Tests › desktop layout renders consistently" classname="visual-regression.spec.ts" time="0">
<skipped>
</skipped>
</testcase>
<testcase name="Visual Regression Tests › Media Content Visual Tests › image galleries render consistently" classname="visual-regression.spec.ts" time="0">
<skipped>
</skipped>
</testcase>
<testcase name="Visual Regression Tests › Media Content Visual Tests › video players render consistently" classname="visual-regression.spec.ts" time="0">
<skipped>
</skipped>
</testcase>
<testcase name="Visual Regression Tests › Loading States Visual Tests › loading spinners render consistently" classname="visual-regression.spec.ts" time="0">
<skipped>
</skipped>
</testcase>
<testcase name="Visual Regression Tests › Error States Visual Tests › error messages render consistently" classname="visual-regression.spec.ts" time="0">
<skipped>
</skipped>
</testcase>
</testsuite>
</testsuites>